[2023-02-21 14:46:23,897][   train_val.py][line:  71][    INFO] 
args: Namespace(config='/home/oem/Vrushank/Safecount/SAFECount/experiments/UCSD/config.yaml', evaluate=False, test=False, local_rank=None)
[2023-02-21 14:46:23,897][   train_val.py][line:  72][    INFO] 
config: {'criterion': [{'kwargs': {'input_size': [512, 512],
                           'maskpath': '../../data/UCSD/mask.png',
                           'weight': 250},
                'name': 'MaskMSELoss',
                'type': 'MaskMSELoss'}],
 'dataset': {'batch_size': 1,
             'density_dir': '../../data/UCSD/gt_density_map/',
             'exemplar': {'img_dir': '../../data/UCSD/ucsdpeds_vidf/video/vidf/',
                          'meta_file': '../../data/UCSD/exemplar.json',
                          'norm': True,
                          'num_exemplar': 5},
             'img_dir': '../../data/UCSD/ucsdpeds_vidf/video/vidf/',
             'input_size': [512, 512],
             'pixel_mean': [0.485, 0.456, 0.406],
             'pixel_std': [0.229, 0.224, 0.225],
             'test': {'meta_file': '../../data/UCSD/test.json'},
             'train': {'colorjitter': {'brightness': 0.1,
                                       'contrast': 0.1,
                                       'hue': 0.1,
                                       'prob': 0.5,
                                       'saturation': 0.1},
                       'gamma': {'prob': 0.5, 'range': [0.75, 1.5]},
                       'gray': False,
                       'hflip': False,
                       'meta_file': '../../data/UCSD/train.json',
                       'rotate': False,
                       'vflip': False},
             'type': 'custom_exemplar',
             'val': {'meta_file': '../../data/UCSD/test.json'},
             'workers': 4},
 'evaluator': {'eval_dir': '/home/oem/Vrushank/Safecount/SAFECount/experiments/UCSD/result_eval_temp',
               'save_dir': 'result_eval_temp'},
 'exp_path': '/home/oem/Vrushank/Safecount/SAFECount/experiments/UCSD',
 'log_path': '/home/oem/Vrushank/Safecount/SAFECount/experiments/UCSD/log/',
 'net': {'builder': 'models.safecount_exemplar.build_network',
         'kwargs': {'activation': 'leaky_relu',
                    'backbone': {'out_layers': [1, 2, 3],
                                 'out_stride': 4,
                                 'type': 'resnet18'},
                    'block': 2,
                    'dropout': 0.0,
                    'embed_dim': 256,
                    'exemplar_scales': [],
                    'head': 8,
                    'initializer': {'method': 'normal', 'std': 0.001},
                    'mid_dim': 1024,
                    'pool': {'size': [1, 1], 'type': 'avg'}}},
 'port': 22222,
 'random_seed': 131,
 'save_path': '/home/oem/Vrushank/Safecount/SAFECount/experiments/UCSD/checkpoints/',
 'saver': {'always_save': False,
           'auto_resume': False,
           'load_path': 'checkpoints/ckpt_best.pth.tar',
           'log_dir': 'log/',
           'save_dir': 'checkpoints/'},
 'trainer': {'epochs': 400,
             'lr_scale_backbone': 0.1,
             'lr_scheduler': {'kwargs': {'gamma': 0.25, 'step_size': 400},
                              'type': 'StepLR'},
             'optimizer': {'kwargs': {'lr': 2e-05}, 'type': 'Adam'}},
 'visualizer': {'activation': 'sigmoid',
                'img_dir': '../../data/UCSD/ucsdpeds_vidf/video/vidf/',
                'normalization': True,
                'vis_dir': 'vis/',
                'with_image': True}}
